<?xml version="1.0" encoding="UTF-8"?>
<!-- Generated by org.testng.reporters.JUnitReportReporter -->
<testsuite skipped="0" hostname="Saiful-PC" name="Pageom.sundayTest" tests="1" failures="0" timestamp="2020-05-17T16:32:28 EDT" time="11.295" errors="0">
  <testcase name="rahul" time="11.295" classname="Pageom.sundayTest"/>
  <system-out/>
</testsuite> <!-- Pageom.sundayTest -->
