<?xml version="1.0" encoding="UTF-8"?>
<!-- Generated by org.testng.reporters.JUnitReportReporter -->
<testsuite skipped="0" hostname="Saiful-PC" name="Pageom.fbTest" tests="1" failures="0" timestamp="2020-05-16T14:25:49 EDT" time="67.183" errors="0">
  <testcase name="facebook" time="67.183" classname="Pageom.fbTest"/>
  <system-out/>
</testsuite> <!-- Pageom.fbTest -->
