<?xml version="1.0" encoding="UTF-8"?>
<!-- Generated by org.testng.reporters.JUnitReportReporter -->
<testsuite skipped="0" hostname="Saiful-PC" name="Pageom.steaveTest" tests="1" failures="0" timestamp="2020-05-22T11:46:34 EDT" time="19.881" errors="0">
  <testcase name="parctice" time="19.881" classname="Pageom.steaveTest"/>
  <system-out/>
</testsuite> <!-- Pageom.steaveTest -->
